<?xml version="1.0" encoding="UTF-8"?>
<testsuite xmlns:xsi="http://www.w3.org/2001/XMLSchema-instance" xsi:noNamespaceSchemaLocation="https://maven.apache.org/surefire/maven-surefire-plugin/xsd/surefire-test-report.xsd" name="com.gfg.dynamicobject.conversion.DynamicObjectDeserializationUnitTest" time="0.375" tests="3" errors="1" skipped="0" failures="0">
  <properties>
[...]
</properties>
  <testcase name="givenJsonString_whenParsingToJsonNode_thenItMustContainDynamicProperties" classname="com.gfg.dynamicobject.conversion.DynamicObjectDeserializationUnitTest" time="0.306"/>
  <testcase name="givenJsonString_whenParsingToMap_thenItMustContainDynamicProperties" classname="com.gfg.dynamicobject.conversion.DynamicObjectDeserializationUnitTest" time="0.031"/>
  <testcase name="givenJsonString_whenParsingWithJsonAnySetter_thenItMustContainDynamicProperties" classname="com.gfg.dynamicobject.conversion.DynamicObjectDeserializationUnitTest" time="0.025">
    <error message="Unrecognized field &quot;displayAspectRatio&quot; (class com.gfg.dynamicobject.conversion.OnlineShoppingProduct), not marked as ignorable (3 known properties: &quot;productName&quot;, &quot;productDetails&quot;, &quot;productCategory&quot;])&#10; at [Source: (String)&quot;{&#10;    &quot;productName&quot;: &quot;Pear yPhone 72&quot;,&#10;    &quot;productCategory&quot;: &quot;cellphone&quot;,&#10;    &quot;displayAspectRatio&quot;: 97:3,&#10;    &quot;audioConnector&quot;: &quot;none&quot;&#10;}&quot;; line: 4, column: 29] (through reference chain: com.gfg.dynamicobject.conversion.OnlineShoppingProduct[&quot;displayAspectRatio&quot;])" type="com.fasterxml.jackson.databind.exc.UnrecognizedPropertyException">com.fasterxml.jackson.databind.exc.UnrecognizedPropertyException: 
Unrecognized field "displayAspectRatio" (class com.gfg.dynamicobject.conversion.OnlineShoppingProduct), not marked as ignorable (3 known properties: "productName", "productDetails", "productCategory"])
 at [Source: (String)"{
    "productName": "Pear yPhone 72",
    "productCategory": "cellphone",
    "displayAspectRatio": 97:3,
    "audioConnector": "none"
}"; line: 4, column: 29] (through reference chain: com.gfg.dynamicobject.conversion.OnlineShoppingProduct["displayAspectRatio"])
	at com.gfg.dynamicobject.conversion.DynamicObjectDeserializationUnitTest.givenJsonString_whenParsingWithJsonAnySetter_thenItMustContainDynamicProperties(DynamicObjectDeserializationUnitTest.java:65)
</error>
  </testcase>
</testsuite>